<?xml version="1.0" encoding="UTF-8"?><testrun name="FileProcessingTests" project="Test_Component" tests="22" started="22" failures="1" errors="0" ignored="0">
  <testsuite name="fernuni.propra.file_processing.FileProcessingTests" time="0.975">
    <testsuite name="fernuni.propra.file_processing.FilePersistenceTest" time="0.969">
      <testcase name="testReadInput" classname="fernuni.propra.file_processing.FilePersistenceTest" time="0.955"/>
      <testcase name="testWriteOutput" classname="fernuni.propra.file_processing.FilePersistenceTest" time="0.014">
        <failure>java.lang.AssertionError: java.io.FileNotFoundException: /Users/alex/Desktop/test (Is a directory)
	at org.junit.Assert.fail(Assert.java:88)
	at fernuni.propra.file_processing.FilePersistenceTest.testWriteOutput(FilePersistenceTest.java:184)
	at java.base/jdk.internal.reflect.NativeMethodAccessorImpl.invoke0(Native Method)
	at java.base/jdk.internal.reflect.NativeMethodAccessorImpl.invoke(NativeMethodAccessorImpl.java:62)
	at java.base/jdk.internal.reflect.DelegatingMethodAccessorImpl.invoke(DelegatingMethodAccessorImpl.java:43)
	at java.base/java.lang.reflect.Method.invoke(Method.java:567)
	at org.junit.runners.model.FrameworkMethod$1.runReflectiveCall(FrameworkMethod.java:50)
	at org.junit.internal.runners.model.ReflectiveCallable.run(ReflectiveCallable.java:12)
	at org.junit.runners.model.FrameworkMethod.invokeExplosively(FrameworkMethod.java:47)
	at org.junit.internal.runners.statements.InvokeMethod.evaluate(InvokeMethod.java:17)
	at org.junit.internal.runners.statements.RunBefores.evaluate(RunBefores.java:26)
	at org.junit.runners.ParentRunner.runLeaf(ParentRunner.java:325)
	at org.junit.runners.BlockJUnit4ClassRunner.runChild(BlockJUnit4ClassRunner.java:78)
	at org.junit.runners.BlockJUnit4ClassRunner.runChild(BlockJUnit4ClassRunner.java:57)
	at org.junit.runners.ParentRunner$3.run(ParentRunner.java:290)
	at org.junit.runners.ParentRunner$1.schedule(ParentRunner.java:71)
	at org.junit.runners.ParentRunner.runChildren(ParentRunner.java:288)
	at org.junit.runners.ParentRunner.access$000(ParentRunner.java:58)
	at org.junit.runners.ParentRunner$2.evaluate(ParentRunner.java:268)
	at org.junit.runners.ParentRunner.run(ParentRunner.java:363)
	at org.junit.runners.Suite.runChild(Suite.java:128)
	at org.junit.runners.Suite.runChild(Suite.java:27)
	at org.junit.runners.ParentRunner$3.run(ParentRunner.java:290)
	at org.junit.runners.ParentRunner$1.schedule(ParentRunner.java:71)
	at org.junit.runners.ParentRunner.runChildren(ParentRunner.java:288)
	at org.junit.runners.ParentRunner.access$000(ParentRunner.java:58)
	at org.junit.runners.ParentRunner$2.evaluate(ParentRunner.java:268)
	at org.junit.runners.ParentRunner.run(ParentRunner.java:363)
	at org.eclipse.jdt.internal.junit4.runner.JUnit4TestReference.run(JUnit4TestReference.java:89)
	at org.eclipse.jdt.internal.junit.runner.TestExecution.run(TestExecution.java:41)
	at org.eclipse.jdt.internal.junit.runner.RemoteTestRunner.runTests(RemoteTestRunner.java:542)
	at org.eclipse.jdt.internal.junit.runner.RemoteTestRunner.runTests(RemoteTestRunner.java:764)
	at org.eclipse.jdt.internal.junit.runner.RemoteTestRunner.run(RemoteTestRunner.java:464)
	at org.eclipse.jdt.internal.junit.runner.RemoteTestRunner.main(RemoteTestRunner.java:210)

</failure>
      </testcase>
      <testcase name="testTestWallAndAddToWalls" classname="fernuni.propra.file_processing.FilePersistenceTest" time="0.0"/>
    </testsuite>
    <testsuite name="fernuni.propra.internal_data_model.LineSegmentTest" time="0.003">
      <testcase name="testIntersectionWithLinesegment" classname="fernuni.propra.internal_data_model.LineSegmentTest" time="0.0"/>
      <testcase name="testLineSegmentDoesNotIntersectLineSegments" classname="fernuni.propra.internal_data_model.LineSegmentTest" time="0.001"/>
      <testcase name="testPerpendicularPointPoint" classname="fernuni.propra.internal_data_model.LineSegmentTest" time="0.0"/>
      <testcase name="testGetP1" classname="fernuni.propra.internal_data_model.LineSegmentTest" time="0.0"/>
      <testcase name="testGetP2" classname="fernuni.propra.internal_data_model.LineSegmentTest" time="0.0"/>
      <testcase name="testPerpendicularLineSegment" classname="fernuni.propra.internal_data_model.LineSegmentTest" time="0.001"/>
      <testcase name="testOverlapsXrange" classname="fernuni.propra.internal_data_model.LineSegmentTest" time="0.0"/>
      <testcase name="testOverlapsYrange" classname="fernuni.propra.internal_data_model.LineSegmentTest" time="0.0"/>
      <testcase name="testIsHorizontal" classname="fernuni.propra.internal_data_model.LineSegmentTest" time="0.0"/>
      <testcase name="testIsVertical" classname="fernuni.propra.internal_data_model.LineSegmentTest" time="0.001"/>
    </testsuite>
    <testsuite name="fernuni.propra.internal_data_model.LineSegmentTestParameterized" time="0.001">
      <testsuite name="[0]" time="0.0">
        <testcase name="testIsHorizontalParametrized[0]" classname="fernuni.propra.internal_data_model.LineSegmentTestParameterized" time="0.0"/>
      </testsuite>
      <testsuite name="[1]" time="0.0">
        <testcase name="testIsHorizontalParametrized[1]" classname="fernuni.propra.internal_data_model.LineSegmentTestParameterized" time="0.0"/>
      </testsuite>
      <testsuite name="[2]" time="0.001">
        <testcase name="testIsHorizontalParametrized[2]" classname="fernuni.propra.internal_data_model.LineSegmentTestParameterized" time="0.001"/>
      </testsuite>
      <testsuite name="[3]" time="0.0">
        <testcase name="testIsHorizontalParametrized[3]" classname="fernuni.propra.internal_data_model.LineSegmentTestParameterized" time="0.0"/>
      </testsuite>
    </testsuite>
    <testsuite name="fernuni.propra.internal_data_model.PointTest" time="0.002">
      <testcase name="testIsInXRange" classname="fernuni.propra.internal_data_model.PointTest" time="0.0"/>
      <testcase name="testIsInYRange" classname="fernuni.propra.internal_data_model.PointTest" time="0.0"/>
      <testcase name="testIsOnLineSegmentLineSegment" classname="fernuni.propra.internal_data_model.PointTest" time="0.0"/>
      <testcase name="testIsOnLineSegmentPointPoint" classname="fernuni.propra.internal_data_model.PointTest" time="0.0"/>
      <testcase name="testIsInsidePolygon" classname="fernuni.propra.internal_data_model.PointTest" time="0.002"/>
    </testsuite>
  </testsuite>
</testrun>
